[69874:775:1220/000722.555026:VERBOSE1:machine_level_user_cloud_policy_controller.cc(116)] DM token = none
[69874:775:1220/000722.555102:VERBOSE1:machine_level_user_cloud_policy_controller.cc(117)] Enrollment token = 
[69874:775:1220/000722.555114:VERBOSE1:machine_level_user_cloud_policy_controller.cc(118)] Client ID = C02V80SSG8WL
[69874:775:1220/000722.590982:VERBOSE1:webrtc_event_log_manager.cc(99)] WebRTC remote-bound event logging enabled.
[69874:775:1220/000722.591341:VERBOSE1:pref_proxy_config_tracker_impl.cc(184)] 0x7f8aee899a90: set chrome proxy config service to 0x7f8aee89afc0
[69879:13571:1220/000722.647739:VERBOSE1:multi_log_ct_verifier.cc(61)] Adding CT log: Google 'Argon2019' log
[69879:13571:1220/000722.647784:VERBOSE1:multi_log_ct_verifier.cc(61)] Adding CT log: Google 'Argon2020' log
[69879:13571:1220/000722.647796:VERBOSE1:multi_log_ct_verifier.cc(61)] Adding CT log: Google 'Argon2021' log
[69879:13571:1220/000722.647806:VERBOSE1:multi_log_ct_verifier.cc(61)] Adding CT log: Google 'Argon2022' log
[69879:13571:1220/000722.647819:VERBOSE1:multi_log_ct_verifier.cc(61)] Adding CT log: Google 'Argon2023' log
[69879:13571:1220/000722.647829:VERBOSE1:multi_log_ct_verifier.cc(61)] Adding CT log: Google 'Xenon2019' log
[69879:13571:1220/000722.647839:VERBOSE1:multi_log_ct_verifier.cc(61)] Adding CT log: Google 'Xenon2020' log
[69879:13571:1220/000722.647848:VERBOSE1:multi_log_ct_verifier.cc(61)] Adding CT log: Google 'Xenon2021' log
[69879:13571:1220/000722.647859:VERBOSE1:multi_log_ct_verifier.cc(61)] Adding CT log: Google 'Xenon2022' log
[69879:13571:1220/000722.647868:VERBOSE1:multi_log_ct_verifier.cc(61)] Adding CT log: Google 'Xenon2023' log
[69879:13571:1220/000722.647878:VERBOSE1:multi_log_ct_verifier.cc(61)] Adding CT log: Google 'Aviator' log
[69879:13571:1220/000722.647887:VERBOSE1:multi_log_ct_verifier.cc(61)] Adding CT log: Google 'Icarus' log
[69879:13571:1220/000722.647896:VERBOSE1:multi_log_ct_verifier.cc(61)] Adding CT log: Google 'Pilot' log
[69879:13571:1220/000722.647906:VERBOSE1:multi_log_ct_verifier.cc(61)] Adding CT log: Google 'Rocketeer' log
[69879:13571:1220/000722.647921:VERBOSE1:multi_log_ct_verifier.cc(61)] Adding CT log: Google 'Skydiver' log
[69879:13571:1220/000722.647938:VERBOSE1:multi_log_ct_verifier.cc(61)] Adding CT log: Cloudflare 'Nimbus2019' Log
[69879:13571:1220/000722.647953:VERBOSE1:multi_log_ct_verifier.cc(61)] Adding CT log: Cloudflare 'Nimbus2020' Log
[69879:13571:1220/000722.647969:VERBOSE1:multi_log_ct_verifier.cc(61)] Adding CT log: Cloudflare 'Nimbus2021' Log
[69879:13571:1220/000722.647985:VERBOSE1:multi_log_ct_verifier.cc(61)] Adding CT log: Cloudflare 'Nimbus2022' Log
[69879:13571:1220/000722.648001:VERBOSE1:multi_log_ct_verifier.cc(61)] Adding CT log: Cloudflare 'Nimbus2023' Log
[69879:13571:1220/000722.648016:VERBOSE1:multi_log_ct_verifier.cc(61)] Adding CT log: DigiCert Log Server
[69879:13571:1220/000722.648032:VERBOSE1:multi_log_ct_verifier.cc(61)] Adding CT log: DigiCert Log Server 2
[69879:13571:1220/000722.648047:VERBOSE1:multi_log_ct_verifier.cc(61)] Adding CT log: DigiCert Yeti2019 Log
[69879:13571:1220/000722.648073:VERBOSE1:multi_log_ct_verifier.cc(61)] Adding CT log: DigiCert Yeti2020 Log
[69879:13571:1220/000722.648090:VERBOSE1:multi_log_ct_verifier.cc(61)] Adding CT log: DigiCert Yeti2021 Log
[69879:13571:1220/000722.648106:VERBOSE1:multi_log_ct_verifier.cc(61)] Adding CT log: DigiCert Yeti2022 Log
[69879:13571:1220/000722.648121:VERBOSE1:multi_log_ct_verifier.cc(61)] Adding CT log: DigiCert Yeti2023 Log
[69879:13571:1220/000722.648136:VERBOSE1:multi_log_ct_verifier.cc(61)] Adding CT log: DigiCert Nessie2019 Log
[69879:13571:1220/000722.648152:VERBOSE1:multi_log_ct_verifier.cc(61)] Adding CT log: DigiCert Nessie2020 Log
[69879:13571:1220/000722.648171:VERBOSE1:multi_log_ct_verifier.cc(61)] Adding CT log: DigiCert Nessie2021 Log
[69879:13571:1220/000722.648300:VERBOSE1:multi_log_ct_verifier.cc(61)] Adding CT log: DigiCert Nessie2022 Log
[69879:13571:1220/000722.648335:VERBOSE1:multi_log_ct_verifier.cc(61)] Adding CT log: DigiCert Nessie2023 Log
[69879:13571:1220/000722.648356:VERBOSE1:multi_log_ct_verifier.cc(61)] Adding CT log: Venafi Gen2 CT log
[69879:13571:1220/000722.649149:VERBOSE1:multi_log_ct_verifier.cc(61)] Adding CT log: Sectigo 'Sabre' CT log
[69879:13571:1220/000722.649184:VERBOSE1:multi_log_ct_verifier.cc(61)] Adding CT log: Sectigo 'Mammoth' CT log
[69879:13571:1220/000722.649210:VERBOSE1:multi_log_ct_verifier.cc(61)] Adding CT log: Let's Encrypt 'Oak2019' log
[69879:13571:1220/000722.649227:VERBOSE1:multi_log_ct_verifier.cc(61)] Adding CT log: Let's Encrypt 'Oak2020' log
[69879:13571:1220/000722.649243:VERBOSE1:multi_log_ct_verifier.cc(61)] Adding CT log: Let's Encrypt 'Oak2021' log
[69879:13571:1220/000722.649297:VERBOSE1:multi_log_ct_verifier.cc(61)] Adding CT log: Let's Encrypt 'Oak2022' log
[69879:13571:1220/000722.649407:VERBOSE1:multi_log_ct_verifier.cc(61)] Adding CT log: Symantec 'Sirius' log
[69879:13571:1220/000722.649459:VERBOSE1:multi_log_ct_verifier.cc(61)] Adding CT log: StartCom log
[69879:13571:1220/000722.649511:VERBOSE1:multi_log_ct_verifier.cc(61)] Adding CT log: WoSign log
[69879:13571:1220/000722.649531:VERBOSE1:multi_log_ct_verifier.cc(61)] Adding CT log: Izenpe log
[69879:13571:1220/000722.649606:VERBOSE1:multi_log_ct_verifier.cc(61)] Adding CT log: CNNIC CT log
[69879:13571:1220/000722.649623:VERBOSE1:multi_log_ct_verifier.cc(61)] Adding CT log: Venafi log
[69879:13571:1220/000722.649640:VERBOSE1:multi_log_ct_verifier.cc(61)] Adding CT log: Symantec 'Vega' log
[69879:13571:1220/000722.649656:VERBOSE1:multi_log_ct_verifier.cc(61)] Adding CT log: Certly.IO log
[69879:13571:1220/000722.649671:VERBOSE1:multi_log_ct_verifier.cc(61)] Adding CT log: Symantec log
[69879:775:1220/000722.675148:VERBOSE1:statistics_recorder.cc(409)] Collections of all histograms
Histogram: AsyncDNS.ConfigChange recorded 1 samples, mean = 1.0 (flags = 0x41)
0  O                                                                         (0 = 0.0%)
1  ------------------------------------------------------------------------O (1 = 100.0%) {0.0%}
2  O                                                                         (0 = 0.0%) {100.0%}

Histogram: AsyncDNS.ConfigParseDuration recorded 1 samples, mean = 1.0 (flags = 0x41)
0  O                                                                         (0 = 0.0%)
1  ------------------------------------------------------------------------O (1 = 100.0%) {0.0%}
2  ... 

Histogram: AsyncDNS.ConfigParsePosix recorded 1 samples, mean = 0.0 (flags = 0x41)
0  ------------------------------------------------------------------------O (1 = 100.0%)
1  ... 

Histogram: AsyncDNS.HostParseResult recorded 1 samples, mean = 1.0 (flags = 0x41)
0  O                                                                         (0 = 0.0%)
1  ------------------------------------------------------------------------O (1 = 100.0%) {0.0%}
2  O                                                                         (0 = 0.0%) {100.0%}

Histogram: AsyncDNS.HostsChange recorded 1 samples, mean = 1.0 (flags = 0x41)
0  O                                                                         (0 = 0.0%)
1  ------------------------------------------------------------------------O (1 = 100.0%) {0.0%}
2  O                                                                         (0 = 0.0%) {100.0%}

Histogram: AsyncDNS.HostsParseDuration recorded 1 samples, mean = 0.0 (flags = 0x41)
0  ------------------------------------------------------------------------O (1 = 100.0%)
1  ... 

Histogram: AsyncDNS.HostsSize recorded 1 samples, mean = 365.0 (flags = 0x41)
0    ... 
340  ------------------------------------------------------------------------O (1 = 100.0%) {0.0%}
448  ... 

Histogram: AsyncDNS.ServerCount recorded 1 samples, mean = 1.0 (flags = 0x41)
0  O                                                                         (0 = 0.0%)
1  ------------------------------------------------------------------------O (1 = 100.0%) {0.0%}
2  ... 

Histogram: AsyncDNS.WatchStatus recorded 1 samples, mean = 0.0 (flags = 0x41)
0  ------------------------------------------------------------------------O (1 = 100.0%)
1  ... 

Histogram: ChildProcess.FieldTrials.CreateFromShmemSuccess recorded 1 samples, mean = 1.0 (flags = 0x1)
0  O                                                                         (0 = 0.0%)
1  ------------------------------------------------------------------------O (1 = 100.0%) {0.0%}
2  O                                                                         (0 = 0.0%) {100.0%}

Histogram: Cookie.CookieDeleteEquivalent recorded 0 samples (flags = 0x41)
0 ... 

Histogram: Cookie.CookieSourceScheme recorded 0 samples (flags = 0x41)
0 ... 

Histogram: Cookie.Count recorded 0 samples (flags = 0x41)
0 ... 

Histogram: Cookie.ExpirationDurationMinutes recorded 0 samples (flags = 0x41)
0 ... 

Histogram: Cookie.TimeBlockedOnLoad recorded 0 samples (flags = 0x41)
0 ... 

Histogram: Cookie.Type recorded 0 samples (flags = 0x41)
0 ... 

Histogram: NQE.CachedNetworkQualityAvailable recorded 1 samples, mean = 0.0 (flags = 0x41)
0  ------------------------------------------------------------------------O (1 = 100.0%)
1  ... 

Histogram: NQE.EffectiveConnectionType.OnECTComputation recorded 4 samples, mean = 5.0 (flags = 0x41)
0  ... 
5  ------------------------------------------------------------------------O (4 = 100.0%) {0.0%}
6  O                                                                         (0 = 0.0%) {100.0%}

Histogram: NQE.Kbps.ObservationSource recorded 1 samples, mean = 4.0 (flags = 0x41)
0  ... 
4  ------------------------------------------------------------------------O (1 = 100.0%) {0.0%}
5  ... 

Histogram: NQE.Kbps.OnECTComputation recorded 2 samples, mean = 2658.0 (flags = 0x41)
0     ... 
2336  ------------------------------------------------------------------------O (2 = 100.0%) {0.0%}
3077  ... 

Histogram: NQE.Kbps.RawObservation.HttpPlatform recorded 1 samples, mean = 2658.0 (flags = 0x41)
0     ... 
2516  ------------------------------------------------------------------------O (1 = 100.0%) {0.0%}
2990  ... 

Histogram: NQE.NetworkIdAvailable recorded 1 samples, mean = 0.0 (flags = 0x41)
0  ------------------------------------------------------------------------O (1 = 100.0%)
1  ... 

Histogram: NQE.RTT.ObservationSource recorded 2 samples, mean = 5.5 (flags = 0x41)
0  ... 
4  ------------------------------------------------------------------------O (1 = 50.0%) {0.0%}
5  ... 
7  ------------------------------------------------------------------------O (1 = 50.0%) {50.0%}
8  ... 

Histogram: NQE.RTT.OnECTComputation recorded 4 samples, mean = 116.0 (flags = 0x41)
0    ... 
114  ------------------------------------------------------------------------O (4 = 100.0%) {0.0%}
135  ... 

Histogram: NQE.RTT.RawObservation.HttpPlatform recorded 1 samples, mean = 116.0 (flags = 0x41)
0    ... 
114  ------------------------------------------------------------------------O (1 = 100.0%) {0.0%}
135  ... 

Histogram: NQE.RTT.RawObservation.TransportPlatform recorded 1 samples, mean = 66.0 (flags = 0x41)
0   ... 
57  ------------------------------------------------------------------------O (1 = 100.0%) {0.0%}
68  ... 

Histogram: NQE.TransportRTT.OnECTComputation recorded 3 samples, mean = 66.0 (flags = 0x41)
0   ... 
57  ------------------------------------------------------------------------O (3 = 100.0%) {0.0%}
68  ... 

Histogram: Net.Certificate.IgnoreCertificateErrorsSPKIListPresent recorded 1 samples, mean = 0.0 (flags = 0x41)
0  ------------------------------------------------------------------------O (1 = 100.0%)
1  ... 

Histogram: Net.Certificate.IgnoreErrors recorded 1 samples, mean = 0.0 (flags = 0x41)
0  ------------------------------------------------------------------------O (1 = 100.0%)
1  ... 

Histogram: Net.DNS.UpgradeConfig.Ineligible.DohSpecified recorded 1 samples, mean = 0.0 (flags = 0x41)
0  ------------------------------------------------------------------------O (1 = 100.0%)
1  ... 

Histogram: Net.KeepaliveStatisticsRecorder.PeakInflightRequests2 recorded 1 samples, mean = 0.0 (flags = 0x41)
0  ------------------------------------------------------------------------O (1 = 100.0%)
1  ... 

Histogram: Net.KeepaliveStatisticsRecorder.PeakInflightRequestsPerProcess recorded 1 samples, mean = 0.0 (flags = 0x41)
0  ------------------------------------------------------------------------O (1 = 100.0%)
1  ... 

Histogram: Net.KeepaliveStatisticsRecorder.PeakInflightRequestsPerProcess2 recorded 1 samples, mean = 0.0 (flags = 0x41)
0  ------------------------------------------------------------------------O (1 = 100.0%)
1  ... 

Histogram: Net.NumQuicSessionsAtShutdown recorded 1 samples, mean = 0.0 (flags = 0x41)
0  ------------------------------------------------------------------------O (1 = 100.0%)
1  ... 

Histogram: Net.QuicSession.CloseAllSessionsError recorded 1 samples (flags = 0x41)
3  ------------------------------------------------------------------------O (1 = 100.0%)

Histogram: ResourceScheduler.ActiveSchedulerClientsCount recorded 1 samples, mean = 0.0 (flags = 0x41)
0  ------------------------------------------------------------------------O (1 = 100.0%)
1  ... 

Histogram: ThreadPool.DetachDuration.ContentChild.Background recorded 0 samples (flags = 0x1)
0 ... 

Histogram: ThreadPool.DetachDuration.ContentChild.Foreground recorded 0 samples (flags = 0x1)
0 ... 

Histogram: ThreadPool.NumActiveWorkers.ContentChild.Background recorded 0 samples (flags = 0x1)
0 ... 

Histogram: ThreadPool.NumActiveWorkers.ContentChild.Foreground recorded 0 samples (flags = 0x1)
0 ... 

Histogram: ThreadPool.NumTasksBeforeDetach.ContentChild.Background recorded 0 samples (flags = 0x1)
0 ... 

Histogram: ThreadPool.NumTasksBeforeDetach.ContentChild.Foreground recorded 0 samples (flags = 0x1)
0 ... 

Histogram: ThreadPool.NumWorkers.ContentChild.Background recorded 0 samples (flags = 0x1)
0 ... 

Histogram: ThreadPool.NumWorkers.ContentChild.Foreground recorded 0 samples (flags = 0x1)
0 ... 

Histogram: ThreadPool.TaskLatencyMicroseconds.ContentChild.UserBlockingTaskPriority recorded 5 samples, mean = 0.0 (flags = 0x41)
0  ------------------------------------------------------------------------O (5 = 100.0%)
1  ... 

Histogram: UMA.PersistentAllocator.UtilityMetrics.Errors recorded 0 samples (flags = 0x41)

Histogram: UMA.PersistentAllocator.UtilityMetrics.UsedPct recorded 0 samples (flags = 0x41)
0 ... 

Histogram: V8.Initializer.LoadV8Snapshot.Result recorded 1 samples, mean = 0.0 (flags = 0x1)
0  ------------------------------------------------------------------------O (1 = 100.0%)
1  ... 

Histogram: V8.Initializer.OpenV8File.Result recorded 2 samples, mean = 0.0 (flags = 0x1)
0  ------------------------------------------------------------------------O (2 = 100.0%)
1  ... 


[69874:775:1220/000722.744714:VERBOSE1:component_updater_service.cc(108)] CrxUpdateService stopping
[69874:775:1220/000722.745124:WARNING:pref_notifier_impl.cc(40)] Pref observer for browser.relaunch_notification_period found at shutdown.
[69874:775:1220/000722.748195:VERBOSE1:statistics_recorder.cc(409)] Collections of all histograms
Histogram: AsyncDNS.ConfigChange recorded 1 samples, mean = 1.0 (flags = 0x41)
0  O                                                                         (0 = 0.0%)
1  ------------------------------------------------------------------------O (1 = 100.0%) {0.0%}
2  O                                                                         (0 = 0.0%) {100.0%}

Histogram: AsyncDNS.ConfigParseDuration recorded 1 samples, mean = 1.0 (flags = 0x41)
0  O                                                                         (0 = 0.0%)
1  ------------------------------------------------------------------------O (1 = 100.0%) {0.0%}
2  ... 

Histogram: AsyncDNS.ConfigParsePosix recorded 1 samples, mean = 0.0 (flags = 0x41)
0  ------------------------------------------------------------------------O (1 = 100.0%)
1  ... 

Histogram: AsyncDNS.HostParseResult recorded 1 samples, mean = 1.0 (flags = 0x41)
0  O                                                                         (0 = 0.0%)
1  ------------------------------------------------------------------------O (1 = 100.0%) {0.0%}
2  O                                                                         (0 = 0.0%) {100.0%}

Histogram: AsyncDNS.HostsChange recorded 1 samples, mean = 1.0 (flags = 0x41)
0  O                                                                         (0 = 0.0%)
1  ------------------------------------------------------------------------O (1 = 100.0%) {0.0%}
2  O                                                                         (0 = 0.0%) {100.0%}

Histogram: AsyncDNS.HostsParseDuration recorded 1 samples, mean = 0.0 (flags = 0x41)
0  ------------------------------------------------------------------------O (1 = 100.0%)
1  ... 

Histogram: AsyncDNS.HostsSize recorded 1 samples, mean = 365.0 (flags = 0x41)
0    ... 
340  ------------------------------------------------------------------------O (1 = 100.0%) {0.0%}
448  ... 

Histogram: AsyncDNS.WatchStatus recorded 1 samples, mean = 0.0 (flags = 0x41)
0  ------------------------------------------------------------------------O (1 = 100.0%)
1  ... 

Histogram: Chrome.CommandLineFlagCount recorded 1 samples, mean = 5.0 (flags = 0x41)
0  ... 
5  ------------------------------------------------------------------------O (1 = 100.0%) {0.0%}
6  ... 

Histogram: Chrome.CommandLineUncommonFlagCount recorded 1 samples, mean = 5.0 (flags = 0x41)
0  ... 
5  ------------------------------------------------------------------------O (1 = 100.0%) {0.0%}
6  ... 

Histogram: DiskCache.4.Error recorded 2 samples, mean = 7.5 (flags = 0x41)
0   ------------------------------------------------------------------------O (1 = 50.0%)
1   ... 
15  ------------------------------------------------------------------------O (1 = 50.0%) {50.0%}
16  ... 

Histogram: Enterprise.PolicyLoadStatus recorded 2 samples, mean = 1.0 (flags = 0x1)
0  ------------------------------------------------------------------------O (1 = 50.0%)
1  O                                                                         (0 = 0.0%) {50.0%}
2  ------------------------------------------------------------------------O (1 = 50.0%) {50.0%}
3  ... 

Histogram: EnterpriseCheck.IsEnterpriseUser recorded 1 samples, mean = 0.0 (flags = 0x41)
0  ------------------------------------------------------------------------O (1 = 100.0%)
1  ... 

Histogram: EnterpriseCheck.IsManaged recorded 1 samples, mean = 1.0 (flags = 0x41)
0  O                                                                         (0 = 0.0%)
1  ------------------------------------------------------------------------O (1 = 100.0%) {0.0%}
2  O                                                                         (0 = 0.0%) {100.0%}

Histogram: Extensions.ChromeExtensionsClientInitTime2 recorded 1 samples, mean = 311.0 (flags = 0x41)
0    ... 
282  ------------------------------------------------------------------------O (1 = 100.0%) {0.0%}
391  ... 

Histogram: GPU.GPUProcessLaunchTime recorded 1 samples, mean = 2.0 (flags = 0x41)
0  ... 
2  ------------------------------------------------------------------------O (1 = 100.0%) {0.0%}
3  ... 

Histogram: GPU.GPUProcessTerminationStatus2 recorded 1 samples, mean = 4.0 (flags = 0x41)
0  ... 
4  ------------------------------------------------------------------------O (1 = 100.0%) {0.0%}
5  ... 

Histogram: GPU.HardwareAccelerationModeEnabled recorded 1 samples, mean = 1.0 (flags = 0x41)
0  O                                                                         (0 = 0.0%)
1  ------------------------------------------------------------------------O (1 = 100.0%) {0.0%}
2  O                                                                         (0 = 0.0%) {100.0%}

Histogram: GPU.ProcessLifetimeEvents.HardwareAccelerated recorded 1 samples, mean = 0.0 (flags = 0x41)
0  ------------------------------------------------------------------------O (1 = 100.0%)
1  ... 

Histogram: ImportantFile.TimeToWrite recorded 2 samples, mean = 36.5 (flags = 0x41)
0   ... 
20  ------------------------------------------------------------------------O (1 = 50.0%) {0.0%}
24  ... 
48  ----------------------------------------------------------O               (1 = 50.0%) {50.0%}
57  ... 

Histogram: MPArch.ChildProcessLaunchFirst recorded 1 samples, mean = 0.0 (flags = 0x41)
0  ------------------------------------------------------------------------O (1 = 100.0%)
1  ... 

Histogram: MPArch.ChildProcessLaunchSubsequent recorded 1 samples, mean = 0.0 (flags = 0x41)
0  ------------------------------------------------------------------------O (1 = 100.0%)
1  ... 

Histogram: Media.VideoCaptureService.DurationFromLastConnectToClosingConnectionAfterEnumerationOnly recorded 1 samples, mean = 674921088.0 (flags = 0x41)
0      ... 
60000  ------------------------------------------------------------------------O (1 = 100.0%) {0.0%}

Histogram: Media.VideoCaptureService.Event recorded 1 samples, mean = 7.0 (flags = 0x41)
0  ... 
7  ------------------------------------------------------------------------O (1 = 100.0%) {0.0%}
8  ... 

Histogram: NQE.ContentObserver.NetworkQualityMeaningfullyChanged recorded 1 samples, mean = 1.0 (flags = 0x41)
0  O                                                                         (0 = 0.0%)
1  ------------------------------------------------------------------------O (1 = 100.0%) {0.0%}
2  O                                                                         (0 = 0.0%) {100.0%}

Histogram: NetworkService.ShutdownTime recorded 1 samples, mean = 53.0 (flags = 0x41)
0   ... 
48  ------------------------------------------------------------------------O (1 = 100.0%) {0.0%}
57  ... 

Histogram: OSCrypt.GetEncryptionKeyAction recorded 1 samples, mean = 0.0 (flags = 0x41)
0  ------------------------------------------------------------------------O (1 = 100.0%)
1  ... 

Histogram: OSX.InstallationFilesystem recorded 1 samples, mean = 4.0 (flags = 0x41)
0  ... 
4  ------------------------------------------------------------------------O (1 = 100.0%) {0.0%}
5  ... 

Histogram: OSX.OtherInstances.OtherUser recorded 1 samples, mean = 2.0 (flags = 0x41)
0  ... 
2  ------------------------------------------------------------------------O (1 = 100.0%) {0.0%}
3  ... 

Histogram: OSX.OtherInstances.ThisUser recorded 1 samples, mean = 1.0 (flags = 0x41)
0  O                                                                         (0 = 0.0%)
1  ------------------------------------------------------------------------O (1 = 100.0%) {0.0%}
2  ... 

Histogram: OSX.StagingDirectoryLocation2 recorded 1 samples, mean = 2.0 (flags = 0x41)
0  ... 
2  ------------------------------------------------------------------------O (1 = 100.0%) {0.0%}
3  ... 

Histogram: OSX.StartupUpdateState recorded 1 samples, mean = 0.0 (flags = 0x41)
0  ------------------------------------------------------------------------O (1 = 100.0%)
1  ... 

Histogram: Plugin.FlashUsage recorded 1 samples, mean = 2.0 (flags = 0x41)
0  ... 
2  ------------------------------------------------------------------------O (1 = 100.0%) {0.0%}
3  O                                                                         (0 = 0.0%) {100.0%}

Histogram: PrefService.PersistentLogRecallProtobufs recorded 2 samples, mean = 1.0 (flags = 0x41)
0  O                                                                         (0 = 0.0%)
1  ------------------------------------------------------------------------O (2 = 100.0%) {0.0%}
2  ... 

Histogram: PrefService.ReadError recorded 1 samples, mean = 0.0 (flags = 0x1)
0  ------------------------------------------------------------------------O (1 = 100.0%)
1  ... 

Histogram: Profile.NumberOfSwitches recorded 1 samples, mean = 0.0 (flags = 0x41)
0  ------------------------------------------------------------------------O (1 = 100.0%)
1  ... 

Histogram: Rappor.LoadCohortResult recorded 1 samples, mean = 0.0 (flags = 0x41)
0  ------------------------------------------------------------------------O (1 = 100.0%)
1  ... 

Histogram: Rappor.LoadSecretResult recorded 1 samples, mean = 0.0 (flags = 0x41)
0  ------------------------------------------------------------------------O (1 = 100.0%)
1  ... 

Histogram: SafeBrowsing.FileTypeUpdate.ResourceBundleResult recorded 1 samples (flags = 0x41)
1  ------------------------------------------------------------------------O (1 = 100.0%)

Histogram: SafeBrowsing.FileTypeUpdate.ResourceBundleTypeCount recorded 1 samples (flags = 0x41)
382  ------------------------------------------------------------------------O (1 = 100.0%)

Histogram: SafeBrowsing.FileTypeUpdate.ResourceBundleVersion recorded 1 samples (flags = 0x41)
37  ------------------------------------------------------------------------O (1 = 100.0%)

Histogram: SafeBrowsing.V4UnusedStoreFileExists.AnyIpMalware recorded 1 samples, mean = 0.0 (flags = 0x41)
0  ------------------------------------------------------------------------O (1 = 100.0%)
1  ... 

Histogram: SafeBrowsing.V4UnusedStoreFileExists.ChromeFilenameClientIncident recorded 1 samples, mean = 0.0 (flags = 0x41)
0  ------------------------------------------------------------------------O (1 = 100.0%)
1  ... 

Histogram: SafeBrowsing.V4UnusedStoreFileExists.UrlSuspiciousSiteId recorded 1 samples, mean = 0.0 (flags = 0x41)
0  ------------------------------------------------------------------------O (1 = 100.0%)
1  ... 

Histogram: Security.TreatInsecureOriginAsSecure recorded 1 samples, mean = 0.0 (flags = 0x41)
0  ------------------------------------------------------------------------O (1 = 100.0%)
1  ... 

Histogram: Settings.JsonDataReadSizeKilobytes.Local_State recorded 1 samples, mean = 65.0 (flags = 0x1)
0   ... 
57  ------------------------------------------------------------------------O (1 = 100.0%) {0.0%}
68  ... 

Histogram: SharedMemory.CreateError recorded 5 samples, mean = 0.0 (flags = 0x41)
0  ------------------------------------------------------------------------O (5 = 100.0%)
1  ... 

Histogram: Shutdown.ShutdownType recorded 1 samples, mean = 0.0 (flags = 0x41)
0  ------------------------------------------------------------------------O (1 = 100.0%)
1  ... 

Histogram: SiteIsolation.Flags.IsolateOrigins recorded 1 samples, mean = 0.0 (flags = 0x41)
0  ------------------------------------------------------------------------O (1 = 100.0%)
1  ... 

Histogram: SiteIsolation.Flags.SitePerProcess recorded 1 samples, mean = 0.0 (flags = 0x41)
0  ------------------------------------------------------------------------O (1 = 100.0%)
1  ... 

Histogram: SiteIsolation.IsolateOrigins.Size recorded 1 samples, mean = 0.0 (flags = 0x41)
0  ------------------------------------------------------------------------O (1 = 100.0%)
1  ... 

Histogram: Startup.BrowserMainRunnerImplInitializeLongTime recorded 1 samples, mean = 94.0 (flags = 0x41)
0   ... 
89  ------------------------------------------------------------------------O (1 = 100.0%) {0.0%}
103 ... 

Histogram: Startup.BrowserMainRunnerImplInitializeStep1Time recorded 1 samples, mean = 15.0 (flags = 0x41)
0   ... 
14  ------------------------------------------------------------------------O (1 = 100.0%) {0.0%}
17  ... 

Histogram: Startup.BrowserMainRunnerImplInitializeStep2Time recorded 1 samples, mean = 78.0 (flags = 0x41)
0   ... 
68  ------------------------------------------------------------------------O (1 = 100.0%) {0.0%}
81  ... 

Histogram: Startup.BrowserProcessImpl_PreMainMessageLoopRunTime recorded 1 samples, mean = 41.0 (flags = 0x41)
0   ... 
40  ------------------------------------------------------------------------O (1 = 100.0%) {0.0%}
48  ... 

Histogram: Startup.PreMainMessageLoopRunImplLongTime recorded 1 samples, mean = 66.0 (flags = 0x41)
0   ... 
58  ------------------------------------------------------------------------O (1 = 100.0%) {0.0%}
67  ... 

Histogram: ThreadPool.DetachDuration.Browser.Background recorded 0 samples (flags = 0x1)
0 ... 

Histogram: ThreadPool.DetachDuration.Browser.Foreground recorded 0 samples (flags = 0x1)
0 ... 

Histogram: ThreadPool.NumActiveWorkers.Browser.Background recorded 0 samples (flags = 0x1)
0 ... 

Histogram: ThreadPool.NumActiveWorkers.Browser.Foreground recorded 0 samples (flags = 0x1)
0 ... 

Histogram: ThreadPool.NumTasksBeforeDetach.Browser.Background recorded 0 samples (flags = 0x1)
0 ... 

Histogram: ThreadPool.NumTasksBeforeDetach.Browser.Foreground recorded 0 samples (flags = 0x1)
0 ... 

Histogram: ThreadPool.NumWorkers.Browser.Background recorded 0 samples (flags = 0x1)
0 ... 

Histogram: ThreadPool.NumWorkers.Browser.Foreground recorded 0 samples (flags = 0x1)
0 ... 

Histogram: ThreadPool.TaskLatencyMicroseconds.Browser.BackgroundTaskPriority recorded 7 samples, mean = 482086496.0 (flags = 0x41)
0      ... 
15     ------------------------O                                                 (1 = 14.3%) {0.0%}
18     ... 
85     --------------O                                                           (1 = 14.3%) {14.3%}
103    ... 
20000  ------------------------------------------------------------------------O (5 = 71.4%) {28.6%}

Histogram: ThreadPool.TaskLatencyMicroseconds.Browser.UserBlockingTaskPriority recorded 13 samples, mean = 1.0 (flags = 0x41)
0   ------------------------------------------------------------------------O (11 = 84.6%)
1   ... 
3   -------O                                                                  (1 = 7.7%) {84.6%}
4   ... 
10  ---O                                                                      (1 = 7.7%) {92.3%}
12  ... 

Histogram: ThreadPool.TaskLatencyMicroseconds.Browser.UserVisibleTaskPriority recorded 9 samples, mean = 5.4 (flags = 0x41)
0   ------------------------------------------------------------------------O (8 = 88.9%)
1   ... 
48  --O                                                                       (1 = 11.1%) {88.9%}
58  ... 

Histogram: UKM.PersistentLogRecall.Status recorded 1 samples, mean = 1.0 (flags = 0x41)
0  O                                                                         (0 = 0.0%)
1  ------------------------------------------------------------------------O (1 = 100.0%) {0.0%}
2  ... 

Histogram: UMA.EntropySourceType recorded 1 samples, mean = 1.0 (flags = 0x1)
0  O                                                                         (0 = 0.0%)
1  ------------------------------------------------------------------------O (1 = 100.0%) {0.0%}
2  ... 

Histogram: UMA.LowEntropySource3Value recorded 1 samples (flags = 0x1)
4531  ------------------------------------------------------------------------O (1 = 100.0%)

Histogram: UMA.PersistentAllocator.BrowserMetrics.Errors recorded 0 samples (flags = 0x41)

Histogram: UMA.PersistentAllocator.BrowserMetrics.UsedPct recorded 0 samples (flags = 0x41)
0 ... 

Histogram: UMA.PersistentAllocator.FieldTrialAllocator.Errors recorded 0 samples (flags = 0x41)

Histogram: UMA.PersistentAllocator.FieldTrialAllocator.UsedPct recorded 2 samples, mean = 21.0 (flags = 0x41)
0   ... 
17  ------------------------------------------------------------------------O (2 = 100.0%) {0.0%}
22  ... 

Histogram: UMA.PersistentHistograms.InitResult recorded 1 samples, mean = 2.0 (flags = 0x41)
0  ... 
2  ------------------------------------------------------------------------O (1 = 100.0%) {0.0%}
3  ... 

Histogram: V8.Initializer.LoadV8Snapshot.Result recorded 1 samples, mean = 0.0 (flags = 0x1)
0  ------------------------------------------------------------------------O (1 = 100.0%)
1  ... 

Histogram: V8.Initializer.OpenV8File.Result recorded 2 samples, mean = 0.0 (flags = 0x1)
0  ------------------------------------------------------------------------O (2 = 100.0%)
1  ... 

Histogram: Variations.CreateTrials.SeedExpiry recorded 1 samples, mean = 0.0 (flags = 0x1)
0  ------------------------------------------------------------------------O (1 = 100.0%)
1  ... 

Histogram: Variations.LoadPermanentConsistencyCountryResult recorded 1 samples, mean = 8.0 (flags = 0x1)
0  ... 
8  ------------------------------------------------------------------------O (1 = 100.0%) {0.0%}
9  ... 

Histogram: Variations.LoadSeedSignature recorded 1 samples, mean = 4.0 (flags = 0x1)
0  ... 
4  ------------------------------------------------------------------------O (1 = 100.0%) {0.0%}
5  O                                                                         (0 = 0.0%) {100.0%}

Histogram: Variations.SafeMode.FellBackToSafeMode2 recorded 1 samples, mean = 0.0 (flags = 0x1)
0  ------------------------------------------------------------------------O (1 = 100.0%)
1  ... 

Histogram: Variations.SafeMode.Streak.Crashes recorded 1 samples (flags = 0x1)
1  ------------------------------------------------------------------------O (1 = 100.0%)

Histogram: Variations.SafeMode.Streak.FetchFailures recorded 1 samples (flags = 0x1)
0  ------------------------------------------------------------------------O (1 = 100.0%)

Histogram: Variations.SeedFreshness recorded 1 samples, mean = 24.0 (flags = 0x1)
0   ... 
21  ------------------------------------------------------------------------O (1 = 100.0%) {0.0%}
26  ... 

Histogram: Variations.SeedLoadResult recorded 1 samples, mean = 0.0 (flags = 0x1)
0  ------------------------------------------------------------------------O (1 = 100.0%)
1  ... 

Histogram: Variations.SeedProcessingTime recorded 1 samples, mean = 9.0 (flags = 0x1)
0  ... 
8  ------------------------------------------------------------------------O (1 = 100.0%) {0.0%}
10 ... 

Histogram: Variations.UserChannel recorded 1 samples (flags = 0x1)
3  ------------------------------------------------------------------------O (1 = 100.0%)


